<?xml version="1.0" encoding="UTF-8"?>
<!-- Generated by org.testng.reporters.JUnitReportReporter -->
<testsuite skipped="0" hostname="LAPTOP-6LVJ88R3" name="com.SM.testCases.TC002_Verify_Singup_Link" tests="1" failures="0" timestamp="27 Oct 2021 16:38:31 GMT" time="8.495" errors="0">
  <testcase name="verifySignUpLinkExistTest" time="8.495" classname="com.SM.testCases.TC002_Verify_Singup_Link"/>
</testsuite> <!-- com.SM.testCases.TC002_Verify_Singup_Link -->
