<?xml version="1.0" encoding="UTF-8"?>
<!-- Generated by org.testng.reporters.JUnitReportReporter -->
<testsuite skipped="0" hostname="LAPTOP-6LVJ88R3" name="com.SM.testCases.TC001_Login_Test" tests="1" failures="0" timestamp="31 Oct 2021 21:53:59 GMT" time="21.425" errors="0">
  <testcase name="loginTest" time="21.425" classname="com.SM.testCases.TC001_Login_Test"/>
</testsuite> <!-- com.SM.testCases.TC001_Login_Test -->
